2023-07-06 14:28:52,700 - INFO - base.py:1897 - _exec_single_context - select pg_catalog.version()
2023-07-06 14:28:52,700 - INFO - base.py:1902 - _exec_single_context - [raw sql] {}
2023-07-06 14:28:52,707 - INFO - base.py:1897 - _exec_single_context - select current_schema()
2023-07-06 14:28:52,707 - INFO - base.py:1902 - _exec_single_context - [raw sql] {}
2023-07-06 14:28:52,719 - INFO - base.py:1897 - _exec_single_context - show standard_conforming_strings
2023-07-06 14:28:52,720 - INFO - base.py:1902 - _exec_single_context - [raw sql] {}
2023-07-06 14:28:52,743 - INFO - base.py:1087 - _begin_impl - BEGIN (implicit)
2023-07-06 14:28:52,744 - INFO - base.py:1897 - _exec_single_context - SELECT pg_catalog.pg_class.relname 
FROM pg_catalog.pg_class JOIN pg_catalog.pg_namespace ON pg_catalog.pg_namespace.oid = pg_catalog.pg_class.relnamespace 
WHERE pg_catalog.pg_class.relname = %(table_name)s AND pg_catalog.pg_class.relkind = ANY (ARRAY[%(param_1)s, %(param_2)s, %(param_3)s, %(param_4)s, %(param_5)s]) AND pg_catalog.pg_table_is_visible(pg_catalog.pg_class.oid) AND pg_catalog.pg_namespace.nspname != %(nspname_1)s
2023-07-06 14:28:52,744 - INFO - base.py:1902 - _exec_single_context - [generated in 0.00128s] {'table_name': 'salva', 'param_1': 'r', 'param_2': 'p', 'param_3': 'f', 'param_4': 'v', 'param_5': 'm', 'nspname_1': 'pg_catalog'}
2023-07-06 14:28:52,772 - INFO - base.py:1113 - _rollback_impl - ROLLBACK
2023-07-06 14:28:52,781 - INFO - table_handler.py:21 - creating - Table exists in the database.
2023-07-06 14:29:05,895 - INFO - base.py:1897 - _exec_single_context - select pg_catalog.version()
2023-07-06 14:29:05,895 - INFO - base.py:1902 - _exec_single_context - [raw sql] {}
2023-07-06 14:29:05,906 - INFO - base.py:1897 - _exec_single_context - select current_schema()
2023-07-06 14:29:05,907 - INFO - base.py:1902 - _exec_single_context - [raw sql] {}
2023-07-06 14:29:05,932 - INFO - base.py:1897 - _exec_single_context - show standard_conforming_strings
2023-07-06 14:29:05,932 - INFO - base.py:1902 - _exec_single_context - [raw sql] {}
2023-07-06 14:29:05,945 - INFO - base.py:1087 - _begin_impl - BEGIN (implicit)
2023-07-06 14:29:05,945 - INFO - base.py:1897 - _exec_single_context - SELECT pg_catalog.pg_class.relname 
FROM pg_catalog.pg_class JOIN pg_catalog.pg_namespace ON pg_catalog.pg_namespace.oid = pg_catalog.pg_class.relnamespace 
WHERE pg_catalog.pg_class.relname = %(table_name)s AND pg_catalog.pg_class.relkind = ANY (ARRAY[%(param_1)s, %(param_2)s, %(param_3)s, %(param_4)s, %(param_5)s]) AND pg_catalog.pg_table_is_visible(pg_catalog.pg_class.oid) AND pg_catalog.pg_namespace.nspname != %(nspname_1)s
2023-07-06 14:29:05,945 - INFO - base.py:1902 - _exec_single_context - [generated in 0.00063s] {'table_name': 'salva', 'param_1': 'r', 'param_2': 'p', 'param_3': 'f', 'param_4': 'v', 'param_5': 'm', 'nspname_1': 'pg_catalog'}
2023-07-06 14:29:05,961 - INFO - base.py:1113 - _rollback_impl - ROLLBACK
2023-07-06 14:29:05,967 - INFO - table_handler.py:21 - creating - Table exists in the database.
2023-07-06 14:34:15,989 - INFO - base.py:1897 - _exec_single_context - select pg_catalog.version()
2023-07-06 14:34:15,990 - INFO - base.py:1902 - _exec_single_context - [raw sql] {}
2023-07-06 14:34:16,009 - INFO - base.py:1897 - _exec_single_context - select current_schema()
2023-07-06 14:34:16,009 - INFO - base.py:1902 - _exec_single_context - [raw sql] {}
2023-07-06 14:34:16,026 - INFO - base.py:1897 - _exec_single_context - show standard_conforming_strings
2023-07-06 14:34:16,026 - INFO - base.py:1902 - _exec_single_context - [raw sql] {}
2023-07-06 14:34:16,067 - INFO - base.py:1087 - _begin_impl - BEGIN (implicit)
2023-07-06 14:34:16,068 - INFO - base.py:1897 - _exec_single_context - SELECT pg_catalog.pg_class.relname 
FROM pg_catalog.pg_class JOIN pg_catalog.pg_namespace ON pg_catalog.pg_namespace.oid = pg_catalog.pg_class.relnamespace 
WHERE pg_catalog.pg_class.relname = %(table_name)s AND pg_catalog.pg_class.relkind = ANY (ARRAY[%(param_1)s, %(param_2)s, %(param_3)s, %(param_4)s, %(param_5)s]) AND pg_catalog.pg_table_is_visible(pg_catalog.pg_class.oid) AND pg_catalog.pg_namespace.nspname != %(nspname_1)s
2023-07-06 14:34:16,068 - INFO - base.py:1902 - _exec_single_context - [generated in 0.00072s] {'table_name': 'salva', 'param_1': 'r', 'param_2': 'p', 'param_3': 'f', 'param_4': 'v', 'param_5': 'm', 'nspname_1': 'pg_catalog'}
2023-07-06 14:34:16,101 - INFO - base.py:1113 - _rollback_impl - ROLLBACK
2023-07-06 14:34:16,114 - INFO - table_handler.py:21 - creating - Table exists in the database.
2023-07-06 14:34:44,160 - INFO - base.py:1897 - _exec_single_context - select pg_catalog.version()
2023-07-06 14:34:44,160 - INFO - base.py:1902 - _exec_single_context - [raw sql] {}
2023-07-06 14:34:44,170 - INFO - base.py:1897 - _exec_single_context - select current_schema()
2023-07-06 14:34:44,170 - INFO - base.py:1902 - _exec_single_context - [raw sql] {}
2023-07-06 14:34:44,180 - INFO - base.py:1897 - _exec_single_context - show standard_conforming_strings
2023-07-06 14:34:44,180 - INFO - base.py:1902 - _exec_single_context - [raw sql] {}
2023-07-06 14:34:44,200 - INFO - base.py:1087 - _begin_impl - BEGIN (implicit)
2023-07-06 14:34:44,201 - INFO - base.py:1897 - _exec_single_context - SELECT pg_catalog.pg_class.relname 
FROM pg_catalog.pg_class JOIN pg_catalog.pg_namespace ON pg_catalog.pg_namespace.oid = pg_catalog.pg_class.relnamespace 
WHERE pg_catalog.pg_class.relname = %(table_name)s AND pg_catalog.pg_class.relkind = ANY (ARRAY[%(param_1)s, %(param_2)s, %(param_3)s, %(param_4)s, %(param_5)s]) AND pg_catalog.pg_table_is_visible(pg_catalog.pg_class.oid) AND pg_catalog.pg_namespace.nspname != %(nspname_1)s
2023-07-06 14:34:44,201 - INFO - base.py:1902 - _exec_single_context - [generated in 0.00094s] {'table_name': 'salva', 'param_1': 'r', 'param_2': 'p', 'param_3': 'f', 'param_4': 'v', 'param_5': 'm', 'nspname_1': 'pg_catalog'}
2023-07-06 14:34:44,214 - INFO - base.py:1113 - _rollback_impl - ROLLBACK
2023-07-06 14:34:44,219 - INFO - table_handler.py:21 - creating - Table exists in the database.
2023-07-06 14:35:06,800 - INFO - base.py:1087 - _begin_impl - BEGIN (implicit)
2023-07-06 14:35:06,803 - INFO - base.py:1897 - _exec_single_context - INSERT INTO salva (name, course) VALUES (%(name)s, %(course)s) RETURNING salva.id
2023-07-06 14:35:06,803 - INFO - base.py:1902 - _exec_single_context - [generated in 0.00054s] {'name': 'string', 'course': 'string'}
2023-07-06 14:35:06,818 - INFO - base.py:1130 - _commit_impl - COMMIT
2023-07-06 14:35:06,831 - INFO - base.py:1087 - _begin_impl - BEGIN (implicit)
2023-07-06 14:35:06,831 - INFO - base.py:1897 - _exec_single_context - SELECT salva.id 
FROM salva 
WHERE salva.name = %(name_1)s
2023-07-06 14:35:06,831 - INFO - base.py:1902 - _exec_single_context - [generated in 0.00050s] {'name_1': 'string'}
2023-07-06 14:35:06,839 - INFO - base.py:1113 - _rollback_impl - ROLLBACK
2023-07-06 14:35:06,847 - INFO - table_crud_handler.py:16 - to_register - successfully registered
2023-07-06 14:35:18,636 - INFO - base.py:1087 - _begin_impl - BEGIN (implicit)
2023-07-06 14:35:18,637 - INFO - base.py:1897 - _exec_single_context - SELECT salva.id, salva.name, salva.course 
FROM salva
2023-07-06 14:35:18,639 - INFO - base.py:1902 - _exec_single_context - [generated in 0.00259s] {}
2023-07-06 14:35:18,655 - INFO - base.py:1113 - _rollback_impl - ROLLBACK
2023-07-06 14:35:18,660 - INFO - table_crud_handler.py:29 - to_view - data is returned as list
2023-07-06 14:35:51,235 - INFO - base.py:1087 - _begin_impl - BEGIN (implicit)
2023-07-06 14:35:51,236 - INFO - base.py:1897 - _exec_single_context - SELECT salva.id 
FROM salva 
WHERE salva.id = %(id_1)s
2023-07-06 14:35:51,236 - INFO - base.py:1902 - _exec_single_context - [generated in 0.00101s] {'id_1': 4}
2023-07-06 14:35:51,248 - INFO - base.py:1113 - _rollback_impl - ROLLBACK
2023-07-06 14:35:51,251 - INFO - base.py:1087 - _begin_impl - BEGIN (implicit)
2023-07-06 14:35:51,255 - INFO - base.py:1897 - _exec_single_context - UPDATE salva SET name=%(name)s, course=%(course)s WHERE salva.id = %(id_1)s
2023-07-06 14:35:51,256 - INFO - base.py:1902 - _exec_single_context - [generated in 0.00064s] {'name': 'stridfghjng', 'course': 'strsdfging', 'id_1': 4}
2023-07-06 14:35:51,262 - INFO - base.py:1130 - _commit_impl - COMMIT
2023-07-06 14:35:51,266 - INFO - base.py:1087 - _begin_impl - BEGIN (implicit)
2023-07-06 14:35:51,266 - INFO - base.py:1897 - _exec_single_context - SELECT salva.id, salva.name, salva.course 
FROM salva 
WHERE salva.id = %(id_1)s
2023-07-06 14:35:51,267 - INFO - base.py:1902 - _exec_single_context - [generated in 0.00088s] {'id_1': 4}
2023-07-06 14:35:51,274 - INFO - base.py:1113 - _rollback_impl - ROLLBACK
2023-07-06 14:35:51,278 - INFO - table_crud_handler.py:52 - to_change - row is updated
2023-07-06 14:36:22,246 - INFO - base.py:1087 - _begin_impl - BEGIN (implicit)
2023-07-06 14:36:22,247 - INFO - base.py:1897 - _exec_single_context - SELECT salva.id 
FROM salva 
WHERE salva.id = %(id_1)s
2023-07-06 14:36:22,247 - INFO - base.py:1902 - _exec_single_context - [cached since 31.01s ago] {'id_1': 4}
2023-07-06 14:36:22,257 - INFO - base.py:1113 - _rollback_impl - ROLLBACK
2023-07-06 14:36:22,262 - INFO - base.py:1087 - _begin_impl - BEGIN (implicit)
2023-07-06 14:36:22,264 - INFO - base.py:1897 - _exec_single_context - DELETE FROM salva WHERE salva.id = %(id_1)s
2023-07-06 14:36:22,264 - INFO - base.py:1902 - _exec_single_context - [generated in 0.00047s] {'id_1': 4}
2023-07-06 14:36:22,277 - INFO - base.py:1130 - _commit_impl - COMMIT
2023-07-06 14:36:22,290 - INFO - base.py:1087 - _begin_impl - BEGIN (implicit)
2023-07-06 14:36:22,290 - INFO - base.py:1897 - _exec_single_context - SELECT salva.id, salva.name, salva.course 
FROM salva 
WHERE salva.id = %(id_1)s
2023-07-06 14:36:22,291 - INFO - base.py:1902 - _exec_single_context - [cached since 31.02s ago] {'id_1': 4}
2023-07-06 14:36:22,309 - INFO - base.py:1113 - _rollback_impl - ROLLBACK
2023-07-06 14:36:22,318 - INFO - table_crud_handler.py:74 - to_erase - row deleted successfully
2023-07-06 14:36:42,393 - INFO - base.py:1897 - _exec_single_context - select pg_catalog.version()
2023-07-06 14:36:42,394 - INFO - base.py:1902 - _exec_single_context - [raw sql] {}
2023-07-06 14:36:42,403 - INFO - base.py:1897 - _exec_single_context - select current_schema()
2023-07-06 14:36:42,404 - INFO - base.py:1902 - _exec_single_context - [raw sql] {}
2023-07-06 14:36:42,411 - INFO - base.py:1897 - _exec_single_context - show standard_conforming_strings
2023-07-06 14:36:42,412 - INFO - base.py:1902 - _exec_single_context - [raw sql] {}
2023-07-06 14:36:42,430 - INFO - base.py:1087 - _begin_impl - BEGIN (implicit)
2023-07-06 14:36:42,430 - INFO - base.py:1897 - _exec_single_context - SELECT pg_catalog.pg_class.relname 
FROM pg_catalog.pg_class JOIN pg_catalog.pg_namespace ON pg_catalog.pg_namespace.oid = pg_catalog.pg_class.relnamespace 
WHERE pg_catalog.pg_class.relname = %(table_name)s AND pg_catalog.pg_class.relkind = ANY (ARRAY[%(param_1)s, %(param_2)s, %(param_3)s, %(param_4)s, %(param_5)s]) AND pg_catalog.pg_table_is_visible(pg_catalog.pg_class.oid) AND pg_catalog.pg_namespace.nspname != %(nspname_1)s
2023-07-06 14:36:42,430 - INFO - base.py:1902 - _exec_single_context - [generated in 0.00096s] {'table_name': 'salva', 'param_1': 'r', 'param_2': 'p', 'param_3': 'f', 'param_4': 'v', 'param_5': 'm', 'nspname_1': 'pg_catalog'}
2023-07-06 14:36:42,446 - INFO - base.py:1113 - _rollback_impl - ROLLBACK
2023-07-06 14:36:42,450 - INFO - table_handler.py:21 - creating - Table exists in the database.
2023-07-06 14:36:54,818 - INFO - base.py:1087 - _begin_impl - BEGIN (implicit)
2023-07-06 14:36:54,819 - INFO - base.py:1897 - _exec_single_context - 
DROP TABLE salva
2023-07-06 14:36:54,820 - INFO - base.py:1902 - _exec_single_context - [no key 0.00023s] {}
2023-07-06 14:36:54,836 - INFO - base.py:1130 - _commit_impl - COMMIT
2023-07-06 14:36:54,842 - INFO - table_crud_handler.py:81 - delete_table - deleted the entire table
2023-07-06 14:37:55,719 - INFO - base.py:1897 - _exec_single_context - select pg_catalog.version()
2023-07-06 14:37:55,719 - INFO - base.py:1902 - _exec_single_context - [raw sql] {}
2023-07-06 14:37:55,729 - INFO - base.py:1897 - _exec_single_context - select current_schema()
2023-07-06 14:37:55,730 - INFO - base.py:1902 - _exec_single_context - [raw sql] {}
2023-07-06 14:37:55,737 - INFO - base.py:1897 - _exec_single_context - show standard_conforming_strings
2023-07-06 14:37:55,737 - INFO - base.py:1902 - _exec_single_context - [raw sql] {}
2023-07-06 14:37:55,754 - INFO - base.py:1087 - _begin_impl - BEGIN (implicit)
2023-07-06 14:37:55,755 - INFO - base.py:1897 - _exec_single_context - SELECT pg_catalog.pg_class.relname 
FROM pg_catalog.pg_class JOIN pg_catalog.pg_namespace ON pg_catalog.pg_namespace.oid = pg_catalog.pg_class.relnamespace 
WHERE pg_catalog.pg_class.relname = %(table_name)s AND pg_catalog.pg_class.relkind = ANY (ARRAY[%(param_1)s, %(param_2)s, %(param_3)s, %(param_4)s, %(param_5)s]) AND pg_catalog.pg_table_is_visible(pg_catalog.pg_class.oid) AND pg_catalog.pg_namespace.nspname != %(nspname_1)s
2023-07-06 14:37:55,755 - INFO - base.py:1902 - _exec_single_context - [generated in 0.00096s] {'table_name': 'salva', 'param_1': 'r', 'param_2': 'p', 'param_3': 'f', 'param_4': 'v', 'param_5': 'm', 'nspname_1': 'pg_catalog'}
2023-07-06 14:37:55,766 - INFO - base.py:1113 - _rollback_impl - ROLLBACK
2023-07-06 14:37:55,774 - INFO - table_handler.py:24 - creating - Table does not exist in the database
2023-07-06 14:37:55,774 - INFO - base.py:1087 - _begin_impl - BEGIN (implicit)
2023-07-06 14:37:55,775 - INFO - base.py:1897 - _exec_single_context - SELECT pg_catalog.pg_class.relname 
FROM pg_catalog.pg_class JOIN pg_catalog.pg_namespace ON pg_catalog.pg_namespace.oid = pg_catalog.pg_class.relnamespace 
WHERE pg_catalog.pg_class.relname = %(table_name)s AND pg_catalog.pg_class.relkind = ANY (ARRAY[%(param_1)s, %(param_2)s, %(param_3)s, %(param_4)s, %(param_5)s]) AND pg_catalog.pg_table_is_visible(pg_catalog.pg_class.oid) AND pg_catalog.pg_namespace.nspname != %(nspname_1)s
2023-07-06 14:37:55,775 - INFO - base.py:1902 - _exec_single_context - [cached since 0.02101s ago] {'table_name': 'salva', 'param_1': 'r', 'param_2': 'p', 'param_3': 'f', 'param_4': 'v', 'param_5': 'm', 'nspname_1': 'pg_catalog'}
2023-07-06 14:37:55,786 - INFO - base.py:1897 - _exec_single_context - 
CREATE TABLE salva (
	id SERIAL NOT NULL, 
	name VARCHAR, 
	course VARCHAR, 
	PRIMARY KEY (id)
)


2023-07-06 14:37:55,786 - INFO - base.py:1902 - _exec_single_context - [no key 0.00049s] {}
2023-07-06 14:37:55,813 - INFO - base.py:1130 - _commit_impl - COMMIT
2023-07-06 14:37:55,820 - INFO - table_handler.py:27 - creating - Table is created
2023-07-06 14:38:14,591 - INFO - base.py:1087 - _begin_impl - BEGIN (implicit)
2023-07-06 14:38:14,592 - INFO - base.py:1897 - _exec_single_context - SELECT salva.id 
FROM salva 
WHERE salva.id = %(id_1)s
2023-07-06 14:38:14,592 - INFO - base.py:1902 - _exec_single_context - [generated in 0.00165s] {'id_1': 2}
2023-07-06 14:38:14,644 - INFO - base.py:1113 - _rollback_impl - ROLLBACK
2023-07-06 14:38:14,649 - INFO - table_crud_handler.py:55 - to_change - this id is not present,so updation is not succesful
2023-07-06 14:38:34,071 - INFO - base.py:1087 - _begin_impl - BEGIN (implicit)
2023-07-06 14:38:34,073 - INFO - base.py:1897 - _exec_single_context - INSERT INTO salva (name, course) VALUES (%(name)s, %(course)s) RETURNING salva.id
2023-07-06 14:38:34,074 - INFO - base.py:1902 - _exec_single_context - [generated in 0.00060s] {'name': 'string', 'course': 'string'}
2023-07-06 14:38:34,098 - INFO - base.py:1130 - _commit_impl - COMMIT
2023-07-06 14:38:34,105 - INFO - base.py:1087 - _begin_impl - BEGIN (implicit)
2023-07-06 14:38:34,105 - INFO - base.py:1897 - _exec_single_context - SELECT salva.id 
FROM salva 
WHERE salva.name = %(name_1)s
2023-07-06 14:38:34,105 - INFO - base.py:1902 - _exec_single_context - [generated in 0.00073s] {'name_1': 'string'}
2023-07-06 14:38:34,118 - INFO - base.py:1113 - _rollback_impl - ROLLBACK
2023-07-06 14:38:34,124 - INFO - table_crud_handler.py:16 - to_register - successfully registered
2023-07-06 14:38:43,875 - INFO - base.py:1087 - _begin_impl - BEGIN (implicit)
2023-07-06 14:38:43,875 - INFO - base.py:1897 - _exec_single_context - SELECT salva.id 
FROM salva 
WHERE salva.id = %(id_1)s
2023-07-06 14:38:43,875 - INFO - base.py:1902 - _exec_single_context - [cached since 29.29s ago] {'id_1': 1}
2023-07-06 14:38:43,905 - INFO - base.py:1113 - _rollback_impl - ROLLBACK
2023-07-06 14:38:43,934 - INFO - base.py:1087 - _begin_impl - BEGIN (implicit)
2023-07-06 14:38:43,936 - INFO - base.py:1897 - _exec_single_context - UPDATE salva SET name=%(name)s, course=%(course)s WHERE salva.id = %(id_1)s
2023-07-06 14:38:43,937 - INFO - base.py:1902 - _exec_single_context - [generated in 0.00059s] {'name': 'strinng', 'course': 'string', 'id_1': 1}
2023-07-06 14:38:43,960 - INFO - base.py:1130 - _commit_impl - COMMIT
2023-07-06 14:38:43,973 - INFO - base.py:1087 - _begin_impl - BEGIN (implicit)
2023-07-06 14:38:43,973 - INFO - base.py:1897 - _exec_single_context - SELECT salva.id, salva.name, salva.course 
FROM salva 
WHERE salva.id = %(id_1)s
2023-07-06 14:38:43,973 - INFO - base.py:1902 - _exec_single_context - [generated in 0.00074s] {'id_1': 1}
2023-07-06 14:38:43,990 - INFO - base.py:1113 - _rollback_impl - ROLLBACK
2023-07-06 14:38:43,996 - INFO - table_crud_handler.py:52 - to_change - row is updated
2023-07-06 14:45:16,280 - INFO - base.py:1897 - _exec_single_context - select pg_catalog.version()
2023-07-06 14:45:16,280 - INFO - base.py:1902 - _exec_single_context - [raw sql] {}
2023-07-06 14:45:16,306 - INFO - base.py:1897 - _exec_single_context - select current_schema()
2023-07-06 14:45:16,307 - INFO - base.py:1902 - _exec_single_context - [raw sql] {}
2023-07-06 14:45:16,325 - INFO - base.py:1897 - _exec_single_context - show standard_conforming_strings
2023-07-06 14:45:16,325 - INFO - base.py:1902 - _exec_single_context - [raw sql] {}
2023-07-06 14:45:16,347 - INFO - base.py:1087 - _begin_impl - BEGIN (implicit)
2023-07-06 14:45:16,347 - INFO - base.py:1897 - _exec_single_context - SELECT pg_catalog.pg_class.relname 
FROM pg_catalog.pg_class JOIN pg_catalog.pg_namespace ON pg_catalog.pg_namespace.oid = pg_catalog.pg_class.relnamespace 
WHERE pg_catalog.pg_class.relname = %(table_name)s AND pg_catalog.pg_class.relkind = ANY (ARRAY[%(param_1)s, %(param_2)s, %(param_3)s, %(param_4)s, %(param_5)s]) AND pg_catalog.pg_table_is_visible(pg_catalog.pg_class.oid) AND pg_catalog.pg_namespace.nspname != %(nspname_1)s
2023-07-06 14:45:16,348 - INFO - base.py:1902 - _exec_single_context - [generated in 0.00091s] {'table_name': 'salva', 'param_1': 'r', 'param_2': 'p', 'param_3': 'f', 'param_4': 'v', 'param_5': 'm', 'nspname_1': 'pg_catalog'}
2023-07-06 14:45:16,368 - INFO - base.py:1113 - _rollback_impl - ROLLBACK
2023-07-06 14:45:16,376 - INFO - table_handler.py:22 - creating - Table exists in the database.
2023-07-06 15:20:25,542 - INFO - base.py:1897 - _exec_single_context - select pg_catalog.version()
2023-07-06 15:20:25,543 - INFO - base.py:1902 - _exec_single_context - [raw sql] {}
2023-07-06 15:20:25,682 - INFO - base.py:1897 - _exec_single_context - select current_schema()
2023-07-06 15:20:25,683 - INFO - base.py:1902 - _exec_single_context - [raw sql] {}
2023-07-06 15:20:25,897 - INFO - base.py:1897 - _exec_single_context - show standard_conforming_strings
2023-07-06 15:20:25,898 - INFO - base.py:1902 - _exec_single_context - [raw sql] {}
2023-07-06 15:20:26,068 - INFO - base.py:1087 - _begin_impl - BEGIN (implicit)
2023-07-06 15:20:26,068 - INFO - base.py:1897 - _exec_single_context - SELECT pg_catalog.pg_class.relname 
FROM pg_catalog.pg_class JOIN pg_catalog.pg_namespace ON pg_catalog.pg_namespace.oid = pg_catalog.pg_class.relnamespace 
WHERE pg_catalog.pg_class.relname = %(table_name)s AND pg_catalog.pg_class.relkind = ANY (ARRAY[%(param_1)s, %(param_2)s, %(param_3)s, %(param_4)s, %(param_5)s]) AND pg_catalog.pg_table_is_visible(pg_catalog.pg_class.oid) AND pg_catalog.pg_namespace.nspname != %(nspname_1)s
2023-07-06 15:20:26,069 - INFO - base.py:1902 - _exec_single_context - [generated in 0.00117s] {'table_name': 'salva', 'param_1': 'r', 'param_2': 'p', 'param_3': 'f', 'param_4': 'v', 'param_5': 'm', 'nspname_1': 'pg_catalog'}
2023-07-06 15:20:26,244 - INFO - base.py:1113 - _rollback_impl - ROLLBACK
2023-07-06 15:20:26,276 - INFO - table_handler.py:16 - creating - Table exists in the database.
2023-07-06 15:20:58,627 - INFO - base.py:1087 - _begin_impl - BEGIN (implicit)
2023-07-06 15:20:58,630 - INFO - base.py:1897 - _exec_single_context - INSERT INTO salva (name, course) VALUES (%(name)s, %(course)s) RETURNING salva.id
2023-07-06 15:20:58,631 - INFO - base.py:1902 - _exec_single_context - [generated in 0.00087s] {'name': 'zam', 'course': 'string'}
2023-07-06 15:20:58,762 - INFO - base.py:1130 - _commit_impl - COMMIT
2023-07-06 15:20:58,777 - INFO - base.py:1087 - _begin_impl - BEGIN (implicit)
2023-07-06 15:20:58,777 - INFO - base.py:1897 - _exec_single_context - SELECT salva.id 
FROM salva 
WHERE salva.name = %(name_1)s
2023-07-06 15:20:58,778 - INFO - base.py:1902 - _exec_single_context - [generated in 0.00123s] {'name_1': 'zam'}
2023-07-06 15:20:58,878 - INFO - base.py:1113 - _rollback_impl - ROLLBACK
2023-07-06 15:20:59,002 - INFO - table_crud_handler.py:16 - to_register - successfully registered
2023-07-06 15:21:34,542 - INFO - base.py:1897 - _exec_single_context - select pg_catalog.version()
2023-07-06 15:21:34,543 - INFO - base.py:1902 - _exec_single_context - [raw sql] {}
2023-07-06 15:21:34,732 - INFO - base.py:1897 - _exec_single_context - select current_schema()
2023-07-06 15:21:34,733 - INFO - base.py:1902 - _exec_single_context - [raw sql] {}
2023-07-06 15:21:34,928 - INFO - base.py:1897 - _exec_single_context - show standard_conforming_strings
2023-07-06 15:21:34,929 - INFO - base.py:1902 - _exec_single_context - [raw sql] {}
2023-07-06 15:21:35,031 - INFO - base.py:1087 - _begin_impl - BEGIN (implicit)
2023-07-06 15:21:35,031 - INFO - base.py:1897 - _exec_single_context - SELECT pg_catalog.pg_class.relname 
FROM pg_catalog.pg_class JOIN pg_catalog.pg_namespace ON pg_catalog.pg_namespace.oid = pg_catalog.pg_class.relnamespace 
WHERE pg_catalog.pg_class.relname = %(table_name)s AND pg_catalog.pg_class.relkind = ANY (ARRAY[%(param_1)s, %(param_2)s, %(param_3)s, %(param_4)s, %(param_5)s]) AND pg_catalog.pg_table_is_visible(pg_catalog.pg_class.oid) AND pg_catalog.pg_namespace.nspname != %(nspname_1)s
2023-07-06 15:21:35,032 - INFO - base.py:1902 - _exec_single_context - [generated in 0.00133s] {'table_name': 'salva', 'param_1': 'r', 'param_2': 'p', 'param_3': 'f', 'param_4': 'v', 'param_5': 'm', 'nspname_1': 'pg_catalog'}
2023-07-06 15:21:35,129 - INFO - base.py:1113 - _rollback_impl - ROLLBACK
2023-07-06 15:21:35,151 - INFO - table_handler.py:19 - creating - Table does not exist in the database
2023-07-06 15:21:35,152 - INFO - base.py:1087 - _begin_impl - BEGIN (implicit)
2023-07-06 15:21:35,153 - INFO - base.py:1130 - _commit_impl - COMMIT
2023-07-06 15:21:35,153 - INFO - table_handler.py:22 - creating - Table is created
2023-07-06 15:38:53,931 - INFO - base.py:1897 - _exec_single_context - select pg_catalog.version()
2023-07-06 15:38:53,932 - INFO - base.py:1902 - _exec_single_context - [raw sql] {}
2023-07-06 15:38:54,039 - INFO - base.py:1897 - _exec_single_context - select current_schema()
2023-07-06 15:38:54,041 - INFO - base.py:1902 - _exec_single_context - [raw sql] {}
2023-07-06 15:38:54,124 - INFO - base.py:1897 - _exec_single_context - show standard_conforming_strings
2023-07-06 15:38:54,125 - INFO - base.py:1902 - _exec_single_context - [raw sql] {}
2023-07-06 15:38:54,248 - INFO - base.py:1087 - _begin_impl - BEGIN (implicit)
2023-07-06 15:38:54,249 - INFO - base.py:1897 - _exec_single_context - SELECT pg_catalog.pg_class.relname 
FROM pg_catalog.pg_class JOIN pg_catalog.pg_namespace ON pg_catalog.pg_namespace.oid = pg_catalog.pg_class.relnamespace 
WHERE pg_catalog.pg_class.relname = %(table_name)s AND pg_catalog.pg_class.relkind = ANY (ARRAY[%(param_1)s, %(param_2)s, %(param_3)s, %(param_4)s, %(param_5)s]) AND pg_catalog.pg_table_is_visible(pg_catalog.pg_class.oid) AND pg_catalog.pg_namespace.nspname != %(nspname_1)s
2023-07-06 15:38:54,251 - INFO - base.py:1902 - _exec_single_context - [generated in 0.00323s] {'table_name': 'salva', 'param_1': 'r', 'param_2': 'p', 'param_3': 'f', 'param_4': 'v', 'param_5': 'm', 'nspname_1': 'pg_catalog'}
2023-07-06 15:38:54,340 - INFO - base.py:1113 - _rollback_impl - ROLLBACK
2023-07-06 15:38:54,391 - INFO - table_handler.py:16 - creating - Table exists in the database.
2023-07-06 15:39:12,496 - INFO - base.py:1087 - _begin_impl - BEGIN (implicit)
2023-07-06 15:39:12,503 - INFO - base.py:1897 - _exec_single_context - INSERT INTO salva (name, course) VALUES (%(name)s, %(course)s) RETURNING salva.id
2023-07-06 15:39:12,504 - INFO - base.py:1902 - _exec_single_context - [generated in 0.00071s] {'name': 'shy', 'course': 'string'}
2023-07-06 15:39:12,736 - INFO - base.py:1130 - _commit_impl - COMMIT
2023-07-06 15:39:12,996 - INFO - table_crud_handler.py:13 - to_register - successfully registered
2023-07-06 15:39:12,999 - INFO - base.py:1087 - _begin_impl - BEGIN (implicit)
2023-07-06 15:39:13,001 - INFO - base.py:1897 - _exec_single_context - SELECT salva.id 
FROM salva 
WHERE salva.name = %(name_1)s
2023-07-06 15:39:13,002 - INFO - base.py:1902 - _exec_single_context - [generated in 0.00326s] {'name_1': 'shy'}
2023-07-06 15:39:13,170 - INFO - base.py:1113 - _rollback_impl - ROLLBACK
2023-07-06 15:43:17,539 - INFO - base.py:1897 - _exec_single_context - select pg_catalog.version()
2023-07-06 15:43:17,540 - INFO - base.py:1902 - _exec_single_context - [raw sql] {}
2023-07-06 15:43:17,734 - INFO - base.py:1897 - _exec_single_context - select current_schema()
2023-07-06 15:43:17,735 - INFO - base.py:1902 - _exec_single_context - [raw sql] {}
2023-07-06 15:43:17,992 - INFO - base.py:1897 - _exec_single_context - show standard_conforming_strings
2023-07-06 15:43:17,992 - INFO - base.py:1902 - _exec_single_context - [raw sql] {}
2023-07-06 15:43:18,262 - INFO - base.py:1087 - _begin_impl - BEGIN (implicit)
2023-07-06 15:43:18,262 - INFO - base.py:1897 - _exec_single_context - SELECT pg_catalog.pg_class.relname 
FROM pg_catalog.pg_class JOIN pg_catalog.pg_namespace ON pg_catalog.pg_namespace.oid = pg_catalog.pg_class.relnamespace 
WHERE pg_catalog.pg_class.relname = %(table_name)s AND pg_catalog.pg_class.relkind = ANY (ARRAY[%(param_1)s, %(param_2)s, %(param_3)s, %(param_4)s, %(param_5)s]) AND pg_catalog.pg_table_is_visible(pg_catalog.pg_class.oid) AND pg_catalog.pg_namespace.nspname != %(nspname_1)s
2023-07-06 15:43:18,262 - INFO - base.py:1902 - _exec_single_context - [generated in 0.00097s] {'table_name': 'salva', 'param_1': 'r', 'param_2': 'p', 'param_3': 'f', 'param_4': 'v', 'param_5': 'm', 'nspname_1': 'pg_catalog'}
2023-07-06 15:43:18,378 - INFO - base.py:1113 - _rollback_impl - ROLLBACK
2023-07-06 15:43:18,454 - INFO - table_handler.py:16 - creating - Table exists in the database.
2023-07-06 15:43:31,241 - WARNING - service.py:47 - display_table - error
2023-07-06 15:45:31,632 - INFO - base.py:1897 - _exec_single_context - select pg_catalog.version()
2023-07-06 15:45:31,633 - INFO - base.py:1902 - _exec_single_context - [raw sql] {}
2023-07-06 15:45:31,687 - INFO - base.py:1897 - _exec_single_context - select current_schema()
2023-07-06 15:45:31,687 - INFO - base.py:1902 - _exec_single_context - [raw sql] {}
2023-07-06 15:45:31,747 - INFO - base.py:1897 - _exec_single_context - show standard_conforming_strings
2023-07-06 15:45:31,748 - INFO - base.py:1902 - _exec_single_context - [raw sql] {}
2023-07-06 15:45:31,840 - INFO - base.py:1087 - _begin_impl - BEGIN (implicit)
2023-07-06 15:45:31,840 - INFO - base.py:1897 - _exec_single_context - SELECT pg_catalog.pg_class.relname 
FROM pg_catalog.pg_class JOIN pg_catalog.pg_namespace ON pg_catalog.pg_namespace.oid = pg_catalog.pg_class.relnamespace 
WHERE pg_catalog.pg_class.relname = %(table_name)s AND pg_catalog.pg_class.relkind = ANY (ARRAY[%(param_1)s, %(param_2)s, %(param_3)s, %(param_4)s, %(param_5)s]) AND pg_catalog.pg_table_is_visible(pg_catalog.pg_class.oid) AND pg_catalog.pg_namespace.nspname != %(nspname_1)s
2023-07-06 15:45:31,841 - INFO - base.py:1902 - _exec_single_context - [generated in 0.00126s] {'table_name': 'salva', 'param_1': 'r', 'param_2': 'p', 'param_3': 'f', 'param_4': 'v', 'param_5': 'm', 'nspname_1': 'pg_catalog'}
2023-07-06 15:45:31,945 - INFO - base.py:1113 - _rollback_impl - ROLLBACK
2023-07-06 15:45:31,981 - INFO - table_handler.py:16 - creating - Table exists in the database.
2023-07-06 15:45:38,755 - INFO - base.py:1087 - _begin_impl - BEGIN (implicit)
2023-07-06 15:45:38,757 - INFO - base.py:1897 - _exec_single_context - SELECT salva.id, salva.name, salva.course 
FROM salva
2023-07-06 15:45:38,757 - INFO - base.py:1902 - _exec_single_context - [generated in 0.00227s] {}
2023-07-06 15:45:38,942 - INFO - base.py:1113 - _rollback_impl - ROLLBACK
2023-07-06 15:45:39,015 - INFO - table_crud_handler.py:26 - to_view - data is returned as list
2023-07-06 16:55:08,110 - INFO - base.py:1897 - _exec_single_context - select pg_catalog.version()
2023-07-06 16:55:08,111 - INFO - base.py:1902 - _exec_single_context - [raw sql] {}
2023-07-06 16:55:08,126 - INFO - base.py:1897 - _exec_single_context - select current_schema()
2023-07-06 16:55:08,127 - INFO - base.py:1902 - _exec_single_context - [raw sql] {}
2023-07-06 16:55:08,137 - INFO - base.py:1897 - _exec_single_context - show standard_conforming_strings
2023-07-06 16:55:08,138 - INFO - base.py:1902 - _exec_single_context - [raw sql] {}
2023-07-06 16:55:08,156 - INFO - base.py:1087 - _begin_impl - BEGIN (implicit)
2023-07-06 16:55:08,157 - INFO - base.py:1897 - _exec_single_context - SELECT pg_catalog.pg_class.relname 
FROM pg_catalog.pg_class JOIN pg_catalog.pg_namespace ON pg_catalog.pg_namespace.oid = pg_catalog.pg_class.relnamespace 
WHERE pg_catalog.pg_class.relname = %(table_name)s AND pg_catalog.pg_class.relkind = ANY (ARRAY[%(param_1)s, %(param_2)s, %(param_3)s, %(param_4)s, %(param_5)s]) AND pg_catalog.pg_table_is_visible(pg_catalog.pg_class.oid) AND pg_catalog.pg_namespace.nspname != %(nspname_1)s
2023-07-06 16:55:08,157 - INFO - base.py:1902 - _exec_single_context - [generated in 0.00092s] {'table_name': 'salva', 'param_1': 'r', 'param_2': 'p', 'param_3': 'f', 'param_4': 'v', 'param_5': 'm', 'nspname_1': 'pg_catalog'}
2023-07-06 16:55:08,166 - INFO - base.py:1113 - _rollback_impl - ROLLBACK
2023-07-06 16:55:08,170 - INFO - table_handler.py:16 - creating - Table exists in the database.
2023-07-06 16:55:24,990 - INFO - base.py:1087 - _begin_impl - BEGIN (implicit)
2023-07-06 16:55:24,992 - INFO - base.py:1897 - _exec_single_context - SELECT salva.id 
FROM salva 
WHERE salva.id = %(id_1)s
2023-07-06 16:55:24,992 - INFO - base.py:1902 - _exec_single_context - [generated in 0.00179s] {'id_1': 70}
2023-07-06 16:55:25,011 - INFO - base.py:1113 - _rollback_impl - ROLLBACK
2023-07-06 16:55:25,020 - INFO - table_crud_handler.py:41 - to_change - this id is not present,so updation is not succesful
2023-07-06 16:55:32,190 - INFO - base.py:1087 - _begin_impl - BEGIN (implicit)
2023-07-06 16:55:32,191 - INFO - base.py:1897 - _exec_single_context - SELECT salva.id 
FROM salva 
WHERE salva.id = %(id_1)s
2023-07-06 16:55:32,191 - INFO - base.py:1902 - _exec_single_context - [cached since 7.201s ago] {'id_1': 1}
2023-07-06 16:55:32,200 - INFO - base.py:1113 - _rollback_impl - ROLLBACK
2023-07-06 16:55:32,207 - INFO - base.py:1087 - _begin_impl - BEGIN (implicit)
2023-07-06 16:55:32,211 - INFO - base.py:1897 - _exec_single_context - UPDATE salva SET name=%(name)s, course=%(course)s WHERE salva.id = %(id_1)s
2023-07-06 16:55:32,211 - INFO - base.py:1902 - _exec_single_context - [generated in 0.00078s] {'name': 'string', 'course': 'string', 'id_1': 1}
2023-07-06 16:55:32,224 - INFO - base.py:1130 - _commit_impl - COMMIT
2023-07-06 16:55:32,231 - INFO - table_crud_handler.py:35 - to_change - row is updated
2023-07-06 16:55:32,231 - WARNING - service.py:59 - updating - error
2023-07-06 16:57:33,593 - INFO - base.py:1897 - _exec_single_context - select pg_catalog.version()
2023-07-06 16:57:33,594 - INFO - base.py:1902 - _exec_single_context - [raw sql] {}
2023-07-06 16:57:33,611 - INFO - base.py:1897 - _exec_single_context - select current_schema()
2023-07-06 16:57:33,612 - INFO - base.py:1902 - _exec_single_context - [raw sql] {}
2023-07-06 16:57:33,629 - INFO - base.py:1897 - _exec_single_context - show standard_conforming_strings
2023-07-06 16:57:33,630 - INFO - base.py:1902 - _exec_single_context - [raw sql] {}
2023-07-06 16:57:33,645 - INFO - base.py:1087 - _begin_impl - BEGIN (implicit)
2023-07-06 16:57:33,646 - INFO - base.py:1897 - _exec_single_context - SELECT pg_catalog.pg_class.relname 
FROM pg_catalog.pg_class JOIN pg_catalog.pg_namespace ON pg_catalog.pg_namespace.oid = pg_catalog.pg_class.relnamespace 
WHERE pg_catalog.pg_class.relname = %(table_name)s AND pg_catalog.pg_class.relkind = ANY (ARRAY[%(param_1)s, %(param_2)s, %(param_3)s, %(param_4)s, %(param_5)s]) AND pg_catalog.pg_table_is_visible(pg_catalog.pg_class.oid) AND pg_catalog.pg_namespace.nspname != %(nspname_1)s
2023-07-06 16:57:33,646 - INFO - base.py:1902 - _exec_single_context - [generated in 0.00068s] {'table_name': 'salva', 'param_1': 'r', 'param_2': 'p', 'param_3': 'f', 'param_4': 'v', 'param_5': 'm', 'nspname_1': 'pg_catalog'}
2023-07-06 16:57:33,660 - INFO - base.py:1113 - _rollback_impl - ROLLBACK
2023-07-06 16:57:33,665 - INFO - table_handler.py:16 - creating - Table exists in the database.
2023-07-06 16:57:38,001 - INFO - base.py:1087 - _begin_impl - BEGIN (implicit)
2023-07-06 16:57:38,005 - INFO - base.py:1897 - _exec_single_context - SELECT salva.id 
FROM salva 
WHERE salva.id = %(id_1)s
2023-07-06 16:57:38,005 - INFO - base.py:1902 - _exec_single_context - [generated in 0.00442s] {'id_1': 1}
2023-07-06 16:57:38,017 - INFO - base.py:1113 - _rollback_impl - ROLLBACK
2023-07-06 16:57:38,045 - INFO - base.py:1087 - _begin_impl - BEGIN (implicit)
2023-07-06 16:57:38,047 - INFO - base.py:1897 - _exec_single_context - UPDATE salva SET name=%(name)s, course=%(course)s WHERE salva.id = %(id_1)s
2023-07-06 16:57:38,047 - INFO - base.py:1902 - _exec_single_context - [generated in 0.00057s] {'name': 'string', 'course': 'string', 'id_1': 1}
2023-07-06 16:57:38,067 - INFO - base.py:1130 - _commit_impl - COMMIT
2023-07-06 16:57:38,073 - INFO - table_crud_handler.py:35 - to_change - row is updated
2023-07-06 16:57:38,074 - INFO - base.py:1087 - _begin_impl - BEGIN (implicit)
2023-07-06 16:57:38,075 - INFO - base.py:1897 - _exec_single_context - SELECT salva.id, salva.name, salva.course 
FROM salva 
WHERE salva.id = %(id_1)s
2023-07-06 16:57:38,075 - INFO - base.py:1902 - _exec_single_context - [generated in 0.00098s] {'id_1': 1}
2023-07-06 16:57:38,092 - INFO - base.py:1113 - _rollback_impl - ROLLBACK
2023-07-06 17:03:15,372 - INFO - base.py:1897 - _exec_single_context - select pg_catalog.version()
2023-07-06 17:03:15,372 - INFO - base.py:1902 - _exec_single_context - [raw sql] {}
2023-07-06 17:03:15,382 - INFO - base.py:1897 - _exec_single_context - select current_schema()
2023-07-06 17:03:15,382 - INFO - base.py:1902 - _exec_single_context - [raw sql] {}
2023-07-06 17:03:15,391 - INFO - base.py:1897 - _exec_single_context - show standard_conforming_strings
2023-07-06 17:03:15,392 - INFO - base.py:1902 - _exec_single_context - [raw sql] {}
2023-07-06 17:03:15,409 - INFO - base.py:1087 - _begin_impl - BEGIN (implicit)
2023-07-06 17:03:15,410 - INFO - base.py:1897 - _exec_single_context - SELECT pg_catalog.pg_class.relname 
FROM pg_catalog.pg_class JOIN pg_catalog.pg_namespace ON pg_catalog.pg_namespace.oid = pg_catalog.pg_class.relnamespace 
WHERE pg_catalog.pg_class.relname = %(table_name)s AND pg_catalog.pg_class.relkind = ANY (ARRAY[%(param_1)s, %(param_2)s, %(param_3)s, %(param_4)s, %(param_5)s]) AND pg_catalog.pg_table_is_visible(pg_catalog.pg_class.oid) AND pg_catalog.pg_namespace.nspname != %(nspname_1)s
2023-07-06 17:03:15,410 - INFO - base.py:1902 - _exec_single_context - [generated in 0.00071s] {'table_name': 'salva', 'param_1': 'r', 'param_2': 'p', 'param_3': 'f', 'param_4': 'v', 'param_5': 'm', 'nspname_1': 'pg_catalog'}
2023-07-06 17:03:15,422 - INFO - base.py:1113 - _rollback_impl - ROLLBACK
2023-07-06 17:03:15,427 - INFO - table_handler.py:16 - creating - Table exists in the database.
2023-07-06 17:03:37,732 - INFO - base.py:1087 - _begin_impl - BEGIN (implicit)
2023-07-06 17:03:37,733 - INFO - base.py:1897 - _exec_single_context - SELECT salva.id 
FROM salva 
WHERE salva.id = %(id_1)s
2023-07-06 17:03:37,734 - INFO - base.py:1902 - _exec_single_context - [generated in 0.00205s] {'id_1': 5}
2023-07-06 17:03:37,747 - INFO - base.py:1113 - _rollback_impl - ROLLBACK
2023-07-06 17:03:37,760 - INFO - table_crud_handler.py:62 - to_erase - this id is not present,so deletion is not successful
2023-07-06 17:03:45,620 - INFO - base.py:1087 - _begin_impl - BEGIN (implicit)
2023-07-06 17:03:45,620 - INFO - base.py:1897 - _exec_single_context - SELECT salva.id 
FROM salva 
WHERE salva.id = %(id_1)s
2023-07-06 17:03:45,621 - INFO - base.py:1902 - _exec_single_context - [cached since 7.889s ago] {'id_1': 1}
2023-07-06 17:03:45,646 - INFO - base.py:1113 - _rollback_impl - ROLLBACK
2023-07-06 17:03:45,649 - INFO - base.py:1087 - _begin_impl - BEGIN (implicit)
2023-07-06 17:03:45,651 - INFO - base.py:1897 - _exec_single_context - DELETE FROM salva WHERE salva.id = %(id_1)s
2023-07-06 17:03:45,652 - INFO - base.py:1902 - _exec_single_context - [generated in 0.00053s] {'id_1': 1}
2023-07-06 17:03:45,665 - INFO - base.py:1130 - _commit_impl - COMMIT
2023-07-06 17:03:45,669 - INFO - table_crud_handler.py:50 - to_erase - row deleted successfully
2023-07-06 17:03:45,669 - INFO - base.py:1087 - _begin_impl - BEGIN (implicit)
2023-07-06 17:03:45,670 - INFO - base.py:1897 - _exec_single_context - SELECT salva.id, salva.name, salva.course 
FROM salva 
WHERE salva.id = %(id_1)s
2023-07-06 17:03:45,670 - INFO - base.py:1902 - _exec_single_context - [generated in 0.00094s] {'id_1': 1}
2023-07-06 17:03:45,681 - INFO - base.py:1113 - _rollback_impl - ROLLBACK
2023-07-06 17:03:45,688 - INFO - base.py:1087 - _begin_impl - BEGIN (implicit)
2023-07-06 17:03:45,689 - INFO - base.py:1897 - _exec_single_context - SELECT salva.id, salva.name, salva.course 
FROM salva 
WHERE salva.id = %(id_1)s
2023-07-06 17:03:45,690 - INFO - base.py:1902 - _exec_single_context - [cached since 0.02082s ago] {'id_1': 1}
2023-07-06 17:03:45,729 - INFO - base.py:1113 - _rollback_impl - ROLLBACK
2023-07-06 17:03:54,342 - INFO - base.py:1087 - _begin_impl - BEGIN (implicit)
2023-07-06 17:03:54,343 - INFO - base.py:1897 - _exec_single_context - 
DROP TABLE salva
2023-07-06 17:03:54,343 - INFO - base.py:1902 - _exec_single_context - [no key 0.00059s] {}
2023-07-06 17:03:54,361 - INFO - base.py:1130 - _commit_impl - COMMIT
2023-07-06 17:03:54,367 - INFO - table_crud_handler.py:67 - delete_table - deleted the entire table
2023-07-06 17:15:35,406 - INFO - base.py:1897 - _exec_single_context - select pg_catalog.version()
2023-07-06 17:15:35,407 - INFO - base.py:1902 - _exec_single_context - [raw sql] {}
2023-07-06 17:15:35,419 - INFO - base.py:1897 - _exec_single_context - select current_schema()
2023-07-06 17:15:35,419 - INFO - base.py:1902 - _exec_single_context - [raw sql] {}
2023-07-06 17:15:35,433 - INFO - base.py:1897 - _exec_single_context - show standard_conforming_strings
2023-07-06 17:15:35,433 - INFO - base.py:1902 - _exec_single_context - [raw sql] {}
2023-07-06 17:15:35,462 - INFO - base.py:1087 - _begin_impl - BEGIN (implicit)
2023-07-06 17:15:35,462 - INFO - base.py:1897 - _exec_single_context - SELECT pg_catalog.pg_class.relname 
FROM pg_catalog.pg_class JOIN pg_catalog.pg_namespace ON pg_catalog.pg_namespace.oid = pg_catalog.pg_class.relnamespace 
WHERE pg_catalog.pg_class.relname = %(table_name)s AND pg_catalog.pg_class.relkind = ANY (ARRAY[%(param_1)s, %(param_2)s, %(param_3)s, %(param_4)s, %(param_5)s]) AND pg_catalog.pg_table_is_visible(pg_catalog.pg_class.oid) AND pg_catalog.pg_namespace.nspname != %(nspname_1)s
2023-07-06 17:15:35,463 - INFO - base.py:1902 - _exec_single_context - [generated in 0.00118s] {'table_name': 'salva', 'param_1': 'r', 'param_2': 'p', 'param_3': 'f', 'param_4': 'v', 'param_5': 'm', 'nspname_1': 'pg_catalog'}
2023-07-06 17:15:35,474 - INFO - base.py:1113 - _rollback_impl - ROLLBACK
2023-07-06 17:15:35,484 - INFO - table_handler.py:18 - creating - Table exists in the database.
2023-07-06 17:15:57,051 - WARNING - service.py:35 - registering - Something is wrong with adding rows
2023-07-06 17:16:25,049 - INFO - base.py:1897 - _exec_single_context - select pg_catalog.version()
2023-07-06 17:16:25,049 - INFO - base.py:1902 - _exec_single_context - [raw sql] {}
2023-07-06 17:16:25,059 - INFO - base.py:1897 - _exec_single_context - select current_schema()
2023-07-06 17:16:25,060 - INFO - base.py:1902 - _exec_single_context - [raw sql] {}
2023-07-06 17:16:25,069 - INFO - base.py:1897 - _exec_single_context - show standard_conforming_strings
2023-07-06 17:16:25,069 - INFO - base.py:1902 - _exec_single_context - [raw sql] {}
2023-07-06 17:16:25,080 - INFO - base.py:1087 - _begin_impl - BEGIN (implicit)
2023-07-06 17:16:25,080 - INFO - base.py:1897 - _exec_single_context - SELECT pg_catalog.pg_class.relname 
FROM pg_catalog.pg_class JOIN pg_catalog.pg_namespace ON pg_catalog.pg_namespace.oid = pg_catalog.pg_class.relnamespace 
WHERE pg_catalog.pg_class.relname = %(table_name)s AND pg_catalog.pg_class.relkind = ANY (ARRAY[%(param_1)s, %(param_2)s, %(param_3)s, %(param_4)s, %(param_5)s]) AND pg_catalog.pg_table_is_visible(pg_catalog.pg_class.oid) AND pg_catalog.pg_namespace.nspname != %(nspname_1)s
2023-07-06 17:16:25,080 - INFO - base.py:1902 - _exec_single_context - [generated in 0.00095s] {'table_name': 'salva', 'param_1': 'r', 'param_2': 'p', 'param_3': 'f', 'param_4': 'v', 'param_5': 'm', 'nspname_1': 'pg_catalog'}
2023-07-06 17:16:25,094 - INFO - base.py:1113 - _rollback_impl - ROLLBACK
2023-07-06 17:16:25,097 - INFO - table_handler.py:18 - creating - Table exists in the database.
2023-07-06 17:16:36,390 - INFO - base.py:1087 - _begin_impl - BEGIN (implicit)
2023-07-06 17:16:36,396 - INFO - base.py:1897 - _exec_single_context - INSERT INTO salva (name, course) VALUES (%(name)s, %(course)s) RETURNING salva.id
2023-07-06 17:16:36,396 - INFO - base.py:1902 - _exec_single_context - [generated in 0.00136s] {'name': 'salva', 'course': 'ec'}
2023-07-06 17:16:36,417 - INFO - base.py:1130 - _commit_impl - COMMIT
2023-07-06 17:16:36,423 - INFO - table_crud_handler.py:12 - to_register - successfully registered
2023-07-06 17:16:36,427 - INFO - base.py:1087 - _begin_impl - BEGIN (implicit)
2023-07-06 17:16:36,427 - INFO - base.py:1897 - _exec_single_context - SELECT salva.id 
FROM salva 
WHERE salva.name = %(name_1)s
2023-07-06 17:16:36,428 - INFO - base.py:1902 - _exec_single_context - [generated in 0.00198s] {'name_1': 'salva'}
2023-07-06 17:16:36,443 - INFO - base.py:1113 - _rollback_impl - ROLLBACK
2023-07-06 17:19:15,225 - INFO - base.py:1897 - _exec_single_context - select pg_catalog.version()
2023-07-06 17:19:15,226 - INFO - base.py:1902 - _exec_single_context - [raw sql] {}
2023-07-06 17:19:15,242 - INFO - base.py:1897 - _exec_single_context - select current_schema()
2023-07-06 17:19:15,243 - INFO - base.py:1902 - _exec_single_context - [raw sql] {}
2023-07-06 17:19:15,255 - INFO - base.py:1897 - _exec_single_context - show standard_conforming_strings
2023-07-06 17:19:15,256 - INFO - base.py:1902 - _exec_single_context - [raw sql] {}
2023-07-06 17:19:15,289 - INFO - base.py:1087 - _begin_impl - BEGIN (implicit)
2023-07-06 17:19:15,290 - INFO - base.py:1897 - _exec_single_context - SELECT pg_catalog.pg_class.relname 
FROM pg_catalog.pg_class JOIN pg_catalog.pg_namespace ON pg_catalog.pg_namespace.oid = pg_catalog.pg_class.relnamespace 
WHERE pg_catalog.pg_class.relname = %(table_name)s AND pg_catalog.pg_class.relkind = ANY (ARRAY[%(param_1)s, %(param_2)s, %(param_3)s, %(param_4)s, %(param_5)s]) AND pg_catalog.pg_table_is_visible(pg_catalog.pg_class.oid) AND pg_catalog.pg_namespace.nspname != %(nspname_1)s
2023-07-06 17:19:15,292 - INFO - base.py:1902 - _exec_single_context - [generated in 0.00343s] {'table_name': 'salva', 'param_1': 'r', 'param_2': 'p', 'param_3': 'f', 'param_4': 'v', 'param_5': 'm', 'nspname_1': 'pg_catalog'}
2023-07-06 17:19:15,303 - INFO - base.py:1113 - _rollback_impl - ROLLBACK
2023-07-06 17:19:15,309 - INFO - table_handler.py:18 - creating - Table exists in the database.
2023-07-06 17:37:17,742 - INFO - base.py:1087 - _begin_impl - BEGIN (implicit)
2023-07-06 17:37:17,746 - INFO - base.py:1897 - _exec_single_context - INSERT INTO salva (name, course) VALUES (%(name)s, %(course)s) RETURNING salva.id
2023-07-06 17:37:17,747 - INFO - base.py:1902 - _exec_single_context - [generated in 0.00064s] {'name': 'SAlva', 'course': 'csre'}
2023-07-06 17:37:17,773 - INFO - base.py:1130 - _commit_impl - COMMIT
2023-07-06 17:37:17,790 - INFO - table_crud_handler.py:12 - to_register - successfully registered
2023-07-06 17:37:17,792 - INFO - base.py:1087 - _begin_impl - BEGIN (implicit)
2023-07-06 17:37:17,792 - INFO - base.py:1897 - _exec_single_context - SELECT salva.id 
FROM salva 
WHERE salva.name = %(name_1)s
2023-07-06 17:37:17,793 - INFO - base.py:1902 - _exec_single_context - [generated in 0.00095s] {'name_1': 'SAlva'}
2023-07-06 17:37:17,823 - INFO - base.py:1113 - _rollback_impl - ROLLBACK
2023-07-06 17:37:38,213 - INFO - base.py:1087 - _begin_impl - BEGIN (implicit)
2023-07-06 17:37:38,213 - INFO - base.py:1897 - _exec_single_context - SELECT salva.id, salva.name, salva.course 
FROM salva
2023-07-06 17:37:38,214 - INFO - base.py:1902 - _exec_single_context - [generated in 0.00106s] {}
2023-07-06 17:37:38,225 - INFO - base.py:1113 - _rollback_impl - ROLLBACK
2023-07-06 17:37:38,231 - INFO - table_crud_handler.py:25 - to_view - data is returned as list
2023-07-06 17:38:54,153 - INFO - base.py:1087 - _begin_impl - BEGIN (implicit)
2023-07-06 17:38:54,154 - INFO - base.py:1897 - _exec_single_context - SELECT salva.id 
FROM salva 
WHERE salva.id = %(id_1)s
2023-07-06 17:38:54,155 - INFO - base.py:1902 - _exec_single_context - [generated in 0.00260s] {'id_1': 66}
2023-07-06 17:38:54,166 - INFO - base.py:1113 - _rollback_impl - ROLLBACK
2023-07-06 17:38:54,173 - INFO - table_crud_handler.py:40 - to_change - this id is not present,so updation is not succesful
2023-07-06 17:45:35,778 - INFO - base.py:1087 - _begin_impl - BEGIN (implicit)
2023-07-06 17:45:35,779 - INFO - base.py:1897 - _exec_single_context - SELECT salva.id 
FROM salva 
WHERE salva.id = %(id_1)s
2023-07-06 17:45:35,779 - INFO - base.py:1902 - _exec_single_context - [cached since 401.6s ago] {'id_1': 66}
2023-07-06 17:45:35,793 - INFO - base.py:1113 - _rollback_impl - ROLLBACK
2023-07-06 17:45:35,798 - INFO - table_crud_handler.py:40 - to_change - this id is not present,so updation is not succesful
2023-07-06 17:45:47,784 - INFO - base.py:1087 - _begin_impl - BEGIN (implicit)
2023-07-06 17:45:47,784 - INFO - base.py:1897 - _exec_single_context - SELECT salva.id 
FROM salva 
WHERE salva.id = %(id_1)s
2023-07-06 17:45:47,784 - INFO - base.py:1902 - _exec_single_context - [cached since 413.6s ago] {'id_1': 1}
2023-07-06 17:45:47,798 - INFO - base.py:1113 - _rollback_impl - ROLLBACK
2023-07-06 17:45:47,810 - INFO - base.py:1087 - _begin_impl - BEGIN (implicit)
2023-07-06 17:45:47,812 - INFO - base.py:1897 - _exec_single_context - UPDATE salva SET name=%(name)s, course=%(course)s WHERE salva.id = %(id_1)s
2023-07-06 17:45:47,813 - INFO - base.py:1902 - _exec_single_context - [generated in 0.00036s] {'name': 'string', 'course': 'string', 'id_1': 1}
2023-07-06 17:45:47,830 - INFO - base.py:1130 - _commit_impl - COMMIT
2023-07-06 17:45:47,838 - INFO - table_crud_handler.py:34 - to_change - row is updated
2023-07-06 17:45:47,839 - INFO - base.py:1087 - _begin_impl - BEGIN (implicit)
2023-07-06 17:45:47,839 - INFO - base.py:1897 - _exec_single_context - SELECT salva.id, salva.name, salva.course 
FROM salva 
WHERE salva.id = %(id_1)s
2023-07-06 17:45:47,840 - INFO - base.py:1902 - _exec_single_context - [generated in 0.00052s] {'id_1': 1}
2023-07-06 17:45:47,859 - INFO - base.py:1113 - _rollback_impl - ROLLBACK
2023-07-06 19:06:08,397 - INFO - base.py:1897 - _exec_single_context - select pg_catalog.version()
2023-07-06 19:06:08,398 - INFO - base.py:1902 - _exec_single_context - [raw sql] {}
2023-07-06 19:06:08,410 - INFO - base.py:1897 - _exec_single_context - select current_schema()
2023-07-06 19:06:08,411 - INFO - base.py:1902 - _exec_single_context - [raw sql] {}
2023-07-06 19:06:08,420 - INFO - base.py:1897 - _exec_single_context - show standard_conforming_strings
2023-07-06 19:06:08,420 - INFO - base.py:1902 - _exec_single_context - [raw sql] {}
2023-07-06 19:06:08,436 - INFO - base.py:1087 - _begin_impl - BEGIN (implicit)
2023-07-06 19:06:08,436 - INFO - base.py:1897 - _exec_single_context - SELECT pg_catalog.pg_class.relname 
FROM pg_catalog.pg_class JOIN pg_catalog.pg_namespace ON pg_catalog.pg_namespace.oid = pg_catalog.pg_class.relnamespace 
WHERE pg_catalog.pg_class.relname = %(table_name)s AND pg_catalog.pg_class.relkind = ANY (ARRAY[%(param_1)s, %(param_2)s, %(param_3)s, %(param_4)s, %(param_5)s]) AND pg_catalog.pg_table_is_visible(pg_catalog.pg_class.oid) AND pg_catalog.pg_namespace.nspname != %(nspname_1)s
2023-07-06 19:06:08,438 - INFO - base.py:1902 - _exec_single_context - [generated in 0.00115s] {'table_name': 'salva', 'param_1': 'r', 'param_2': 'p', 'param_3': 'f', 'param_4': 'v', 'param_5': 'm', 'nspname_1': 'pg_catalog'}
2023-07-06 19:06:08,448 - INFO - base.py:1113 - _rollback_impl - ROLLBACK
2023-07-06 19:06:08,453 - INFO - table_handler.py:18 - creating - Table exists in the database.
2023-07-06 19:14:01,664 - INFO - base.py:1087 - _begin_impl - BEGIN (implicit)
2023-07-06 19:14:01,669 - INFO - base.py:1897 - _exec_single_context - INSERT INTO salva (name, course) VALUES (%(name)s, %(course)s) RETURNING salva.id
2023-07-06 19:14:01,670 - INFO - base.py:1902 - _exec_single_context - [generated in 0.00123s] {'name': 'string', 'course': 'string'}
2023-07-06 19:14:01,680 - INFO - base.py:1130 - _commit_impl - COMMIT
2023-07-06 19:14:01,685 - INFO - table_crud_handler.py:12 - to_register - successfully registered
2023-07-06 19:14:01,689 - INFO - base.py:1087 - _begin_impl - BEGIN (implicit)
2023-07-06 19:14:01,690 - INFO - base.py:1897 - _exec_single_context - SELECT salva.id 
FROM salva 
WHERE salva.name = %(name_1)s
2023-07-06 19:14:01,690 - INFO - base.py:1902 - _exec_single_context - [generated in 0.00217s] {'name_1': 'string'}
2023-07-06 19:14:01,701 - INFO - base.py:1113 - _rollback_impl - ROLLBACK
2023-07-06 19:14:14,224 - INFO - base.py:1087 - _begin_impl - BEGIN (implicit)
2023-07-06 19:14:14,225 - INFO - base.py:1897 - _exec_single_context - SELECT salva.id, salva.name, salva.course 
FROM salva
2023-07-06 19:14:14,225 - INFO - base.py:1902 - _exec_single_context - [generated in 0.00071s] {}
2023-07-06 19:14:14,237 - INFO - base.py:1113 - _rollback_impl - ROLLBACK
2023-07-06 19:14:14,243 - INFO - table_crud_handler.py:25 - to_view - data is returned as list
2023-07-07 10:39:13,682 - INFO - base.py:1897 - _exec_single_context - select pg_catalog.version()
2023-07-07 10:39:13,683 - INFO - base.py:1902 - _exec_single_context - [raw sql] {}
2023-07-07 10:39:13,697 - INFO - base.py:1897 - _exec_single_context - select current_schema()
2023-07-07 10:39:13,698 - INFO - base.py:1902 - _exec_single_context - [raw sql] {}
2023-07-07 10:39:13,714 - INFO - base.py:1897 - _exec_single_context - show standard_conforming_strings
2023-07-07 10:39:13,714 - INFO - base.py:1902 - _exec_single_context - [raw sql] {}
2023-07-07 10:39:13,741 - INFO - base.py:1087 - _begin_impl - BEGIN (implicit)
2023-07-07 10:39:13,741 - INFO - base.py:1897 - _exec_single_context - SELECT pg_catalog.pg_class.relname 
FROM pg_catalog.pg_class JOIN pg_catalog.pg_namespace ON pg_catalog.pg_namespace.oid = pg_catalog.pg_class.relnamespace 
WHERE pg_catalog.pg_class.relname = %(table_name)s AND pg_catalog.pg_class.relkind = ANY (ARRAY[%(param_1)s, %(param_2)s, %(param_3)s, %(param_4)s, %(param_5)s]) AND pg_catalog.pg_table_is_visible(pg_catalog.pg_class.oid) AND pg_catalog.pg_namespace.nspname != %(nspname_1)s
2023-07-07 10:39:13,742 - INFO - base.py:1902 - _exec_single_context - [generated in 0.00204s] {'table_name': 'salva', 'param_1': 'r', 'param_2': 'p', 'param_3': 'f', 'param_4': 'v', 'param_5': 'm', 'nspname_1': 'pg_catalog'}
2023-07-07 10:39:13,758 - INFO - base.py:1113 - _rollback_impl - ROLLBACK
2023-07-07 10:39:13,764 - INFO - table_handler.py:18 - creating - Table exists in the database.
2023-07-07 11:58:03,924 - INFO - base.py:1897 - _exec_single_context - select pg_catalog.version()
2023-07-07 11:58:03,924 - INFO - base.py:1902 - _exec_single_context - [raw sql] {}
2023-07-07 11:58:03,947 - INFO - base.py:1897 - _exec_single_context - select current_schema()
2023-07-07 11:58:03,947 - INFO - base.py:1902 - _exec_single_context - [raw sql] {}
2023-07-07 11:58:03,969 - INFO - base.py:1897 - _exec_single_context - show standard_conforming_strings
2023-07-07 11:58:03,969 - INFO - base.py:1902 - _exec_single_context - [raw sql] {}
2023-07-07 11:58:04,001 - INFO - base.py:1087 - _begin_impl - BEGIN (implicit)
2023-07-07 11:58:04,002 - INFO - base.py:1897 - _exec_single_context - SELECT pg_catalog.pg_class.relname 
FROM pg_catalog.pg_class JOIN pg_catalog.pg_namespace ON pg_catalog.pg_namespace.oid = pg_catalog.pg_class.relnamespace 
WHERE pg_catalog.pg_class.relname = %(table_name)s AND pg_catalog.pg_class.relkind = ANY (ARRAY[%(param_1)s, %(param_2)s, %(param_3)s, %(param_4)s, %(param_5)s]) AND pg_catalog.pg_table_is_visible(pg_catalog.pg_class.oid) AND pg_catalog.pg_namespace.nspname != %(nspname_1)s
2023-07-07 11:58:04,002 - INFO - base.py:1902 - _exec_single_context - [generated in 0.00083s] {'table_name': 'salva', 'param_1': 'r', 'param_2': 'p', 'param_3': 'f', 'param_4': 'v', 'param_5': 'm', 'nspname_1': 'pg_catalog'}
2023-07-07 11:58:04,075 - INFO - base.py:1113 - _rollback_impl - ROLLBACK
2023-07-07 11:58:04,086 - INFO - table_handler.py:18 - creating - Table exists in the database.
2023-07-07 19:20:53,897 - INFO - base.py:1897 - _exec_single_context - select pg_catalog.version()
2023-07-07 19:20:53,898 - INFO - base.py:1902 - _exec_single_context - [raw sql] {}
2023-07-07 19:20:53,904 - INFO - base.py:1897 - _exec_single_context - select current_schema()
2023-07-07 19:20:53,904 - INFO - base.py:1902 - _exec_single_context - [raw sql] {}
2023-07-07 19:20:53,910 - INFO - base.py:1897 - _exec_single_context - show standard_conforming_strings
2023-07-07 19:20:53,910 - INFO - base.py:1902 - _exec_single_context - [raw sql] {}
2023-07-07 19:20:53,919 - INFO - base.py:1087 - _begin_impl - BEGIN (implicit)
2023-07-07 19:20:53,919 - INFO - base.py:1897 - _exec_single_context - SELECT pg_catalog.pg_class.relname 
FROM pg_catalog.pg_class JOIN pg_catalog.pg_namespace ON pg_catalog.pg_namespace.oid = pg_catalog.pg_class.relnamespace 
WHERE pg_catalog.pg_class.relname = %(table_name)s AND pg_catalog.pg_class.relkind = ANY (ARRAY[%(param_1)s, %(param_2)s, %(param_3)s, %(param_4)s, %(param_5)s]) AND pg_catalog.pg_table_is_visible(pg_catalog.pg_class.oid) AND pg_catalog.pg_namespace.nspname != %(nspname_1)s
2023-07-07 19:20:53,919 - INFO - base.py:1902 - _exec_single_context - [generated in 0.00064s] {'table_name': 'salva', 'param_1': 'r', 'param_2': 'p', 'param_3': 'f', 'param_4': 'v', 'param_5': 'm', 'nspname_1': 'pg_catalog'}
2023-07-07 19:20:53,925 - INFO - base.py:1113 - _rollback_impl - ROLLBACK
2023-07-07 19:20:53,927 - INFO - table_handler.py:18 - creating - Table exists in the database.
